<?xml version="1.0" encoding="UTF-8"?>
<!-- Generated by org.testng.reporters.JUnitReportReporter -->
<testsuite hostname="HPana" failures="0" tests="12" name="jPetStoreTestRunner.TestRunner" time="134.058" errors="0" timestamp="2024-12-05T13:06:47 WET" skipped="0">
  <testcase classname="jPetStoreTestRunner.TestRunner" name="runScenario" time="12.627"/>
  <system-out/>
  <testcase classname="jPetStoreTestRunner.TestRunner" name="runScenario" time="7.592"/>
  <system-out/>
  <testcase classname="jPetStoreTestRunner.TestRunner" name="runScenario" time="12.563"/>
  <system-out/>
  <testcase classname="jPetStoreTestRunner.TestRunner" name="runScenario" time="10.444"/>
  <system-out/>
  <testcase classname="jPetStoreTestRunner.TestRunner" name="runScenario" time="5.141"/>
  <system-out/>
  <testcase classname="jPetStoreTestRunner.TestRunner" name="runScenario" time="4.048"/>
  <system-out/>
  <testcase classname="jPetStoreTestRunner.TestRunner" name="runScenario" time="7.648"/>
  <system-out/>
  <testcase classname="jPetStoreTestRunner.TestRunner" name="runScenario" time="11.375"/>
  <system-out/>
  <testcase classname="jPetStoreTestRunner.TestRunner" name="runScenario" time="11.703"/>
  <system-out/>
  <testcase classname="jPetStoreTestRunner.TestRunner" name="runScenario" time="24.183"/>
  <system-out/>
  <testcase classname="jPetStoreTestRunner.TestRunner" name="runScenario" time="22.231"/>
  <system-out/>
  <testcase classname="jPetStoreTestRunner.TestRunner" name="runScenario" time="4.503"/>
  <system-out/>
</testsuite> <!-- jPetStoreTestRunner.TestRunner -->
